Analysis & Synthesis report for SDRAM_IS42S16160B_DRIVER
Mon Aug 15 21:06:59 2022
Quartus Prime Version 20.1.0 Build 711 06/05/2020 SJ Lite Edition


---------------------
; Table of Contents ;
---------------------
  1. Legal Notice
  2. Analysis & Synthesis Summary
  3. Analysis & Synthesis Settings
  4. Parallel Compilation
  5. Analysis & Synthesis Source Files Read
  6. Analysis & Synthesis Resource Usage Summary
  7. Analysis & Synthesis Resource Utilization by Entity
  8. State Machine - |SDRAM_IS42S16160B_DRIVER|state
  9. Registers Removed During Synthesis
 10. General Register Statistics
 11. Inverted Register Statistics
 12. Multiplexer Restructuring Statistics (Restructuring Performed)
 13. Parameter Settings for User Entity Instance: Top-level Entity: |SDRAM_IS42S16160B_DRIVER
 14. Post-Synthesis Netlist Statistics for Top Partition
 15. Elapsed Time Per Partition
 16. Analysis & Synthesis Messages
 17. Analysis & Synthesis Suppressed Messages



----------------
; Legal Notice ;
----------------
Copyright (C) 2020  Intel Corporation. All rights reserved.
Your use of Intel Corporation's design tools, logic functions 
and other software and tools, and any partner logic 
functions, and any output files from any of the foregoing 
(including device programming or simulation files), and any 
associated documentation or information are expressly subject 
to the terms and conditions of the Intel Program License 
Subscription Agreement, the Intel Quartus Prime License Agreement,
the Intel FPGA IP License Agreement, or other applicable license
agreement, including, without limitation, that your use is for
the sole purpose of programming logic devices manufactured by
Intel and sold by Intel or its authorized distributors.  Please
refer to the applicable agreement for further details, at
https://fpgasoftware.intel.com/eula.



+----------------------------------------------------------------------------------+
; Analysis & Synthesis Summary                                                     ;
+------------------------------------+---------------------------------------------+
; Analysis & Synthesis Status        ; Successful - Mon Aug 15 21:06:59 2022       ;
; Quartus Prime Version              ; 20.1.0 Build 711 06/05/2020 SJ Lite Edition ;
; Revision Name                      ; SDRAM_IS42S16160B_DRIVER                    ;
; Top-level Entity Name              ; SDRAM_IS42S16160B_DRIVER                    ;
; Family                             ; Cyclone IV E                                ;
; Total logic elements               ; 79                                          ;
;     Total combinational functions  ; 77                                          ;
;     Dedicated logic registers      ; 51                                          ;
; Total registers                    ; 51                                          ;
; Total pins                         ; 60                                          ;
; Total virtual pins                 ; 0                                           ;
; Total memory bits                  ; 0                                           ;
; Embedded Multiplier 9-bit elements ; 0                                           ;
; Total PLLs                         ; 0                                           ;
+------------------------------------+---------------------------------------------+


+------------------------------------------------------------------------------------------------------------------------+
; Analysis & Synthesis Settings                                                                                          ;
+------------------------------------------------------------------+--------------------------+--------------------------+
; Option                                                           ; Setting                  ; Default Value            ;
+------------------------------------------------------------------+--------------------------+--------------------------+
; Device                                                           ; EP4CE22F17C6             ;                          ;
; Top-level entity name                                            ; SDRAM_IS42S16160B_DRIVER ; SDRAM_IS42S16160B_DRIVER ;
; Family name                                                      ; Cyclone IV E             ; Cyclone V                ;
; Use smart compilation                                            ; Off                      ; Off                      ;
; Enable parallel Assembler and Timing Analyzer during compilation ; On                       ; On                       ;
; Enable compact report table                                      ; Off                      ; Off                      ;
; Restructure Multiplexers                                         ; Auto                     ; Auto                     ;
; Create Debugging Nodes for IP Cores                              ; Off                      ; Off                      ;
; Preserve fewer node names                                        ; On                       ; On                       ;
; Intel FPGA IP Evaluation Mode                                    ; Enable                   ; Enable                   ;
; Verilog Version                                                  ; Verilog_2001             ; Verilog_2001             ;
; VHDL Version                                                     ; VHDL_1993                ; VHDL_1993                ;
; State Machine Processing                                         ; Auto                     ; Auto                     ;
; Safe State Machine                                               ; Off                      ; Off                      ;
; Extract Verilog State Machines                                   ; On                       ; On                       ;
; Extract VHDL State Machines                                      ; On                       ; On                       ;
; Ignore Verilog initial constructs                                ; Off                      ; Off                      ;
; Iteration limit for constant Verilog loops                       ; 5000                     ; 5000                     ;
; Iteration limit for non-constant Verilog loops                   ; 250                      ; 250                      ;
; Add Pass-Through Logic to Inferred RAMs                          ; On                       ; On                       ;
; Infer RAMs from Raw Logic                                        ; On                       ; On                       ;
; Parallel Synthesis                                               ; On                       ; On                       ;
; DSP Block Balancing                                              ; Auto                     ; Auto                     ;
; NOT Gate Push-Back                                               ; On                       ; On                       ;
; Power-Up Don't Care                                              ; On                       ; On                       ;
; Remove Redundant Logic Cells                                     ; Off                      ; Off                      ;
; Remove Duplicate Registers                                       ; On                       ; On                       ;
; Ignore CARRY Buffers                                             ; Off                      ; Off                      ;
; Ignore CASCADE Buffers                                           ; Off                      ; Off                      ;
; Ignore GLOBAL Buffers                                            ; Off                      ; Off                      ;
; Ignore ROW GLOBAL Buffers                                        ; Off                      ; Off                      ;
; Ignore LCELL Buffers                                             ; Off                      ; Off                      ;
; Ignore SOFT Buffers                                              ; On                       ; On                       ;
; Limit AHDL Integers to 32 Bits                                   ; Off                      ; Off                      ;
; Optimization Technique                                           ; Balanced                 ; Balanced                 ;
; Carry Chain Length                                               ; 70                       ; 70                       ;
; Auto Carry Chains                                                ; On                       ; On                       ;
; Auto Open-Drain Pins                                             ; On                       ; On                       ;
; Perform WYSIWYG Primitive Resynthesis                            ; Off                      ; Off                      ;
; Auto ROM Replacement                                             ; On                       ; On                       ;
; Auto RAM Replacement                                             ; On                       ; On                       ;
; Auto DSP Block Replacement                                       ; On                       ; On                       ;
; Auto Shift Register Replacement                                  ; Auto                     ; Auto                     ;
; Allow Shift Register Merging across Hierarchies                  ; Auto                     ; Auto                     ;
; Auto Clock Enable Replacement                                    ; On                       ; On                       ;
; Strict RAM Replacement                                           ; Off                      ; Off                      ;
; Allow Synchronous Control Signals                                ; On                       ; On                       ;
; Force Use of Synchronous Clear Signals                           ; Off                      ; Off                      ;
; Auto RAM Block Balancing                                         ; On                       ; On                       ;
; Auto RAM to Logic Cell Conversion                                ; Off                      ; Off                      ;
; Auto Resource Sharing                                            ; Off                      ; Off                      ;
; Allow Any RAM Size For Recognition                               ; Off                      ; Off                      ;
; Allow Any ROM Size For Recognition                               ; Off                      ; Off                      ;
; Allow Any Shift Register Size For Recognition                    ; Off                      ; Off                      ;
; Use LogicLock Constraints during Resource Balancing              ; On                       ; On                       ;
; Ignore translate_off and synthesis_off directives                ; Off                      ; Off                      ;
; Timing-Driven Synthesis                                          ; On                       ; On                       ;
; Report Parameter Settings                                        ; On                       ; On                       ;
; Report Source Assignments                                        ; On                       ; On                       ;
; Report Connectivity Checks                                       ; On                       ; On                       ;
; Ignore Maximum Fan-Out Assignments                               ; Off                      ; Off                      ;
; Synchronization Register Chain Length                            ; 2                        ; 2                        ;
; Power Optimization During Synthesis                              ; Normal compilation       ; Normal compilation       ;
; HDL message level                                                ; Level2                   ; Level2                   ;
; Suppress Register Optimization Related Messages                  ; Off                      ; Off                      ;
; Number of Removed Registers Reported in Synthesis Report         ; 5000                     ; 5000                     ;
; Number of Swept Nodes Reported in Synthesis Report               ; 5000                     ; 5000                     ;
; Number of Inverted Registers Reported in Synthesis Report        ; 100                      ; 100                      ;
; Clock MUX Protection                                             ; On                       ; On                       ;
; Auto Gated Clock Conversion                                      ; Off                      ; Off                      ;
; Block Design Naming                                              ; Auto                     ; Auto                     ;
; SDC constraint protection                                        ; Off                      ; Off                      ;
; Synthesis Effort                                                 ; Auto                     ; Auto                     ;
; Shift Register Replacement - Allow Asynchronous Clear Signal     ; On                       ; On                       ;
; Pre-Mapping Resynthesis Optimization                             ; Off                      ; Off                      ;
; Analysis & Synthesis Message Level                               ; Medium                   ; Medium                   ;
; Disable Register Merging Across Hierarchies                      ; Auto                     ; Auto                     ;
; Resource Aware Inference For Block RAM                           ; On                       ; On                       ;
+------------------------------------------------------------------+--------------------------+--------------------------+


+------------------------------------------+
; Parallel Compilation                     ;
+----------------------------+-------------+
; Processors                 ; Number      ;
+----------------------------+-------------+
; Number detected on machine ; 8           ;
; Maximum allowed            ; 4           ;
;                            ;             ;
; Average used               ; 1.00        ;
; Maximum used               ; 4           ;
;                            ;             ;
; Usage by Processor         ; % Time Used ;
;     Processor 1            ; 100.0%      ;
;     Processors 2-4         ;   0.0%      ;
+----------------------------+-------------+


+--------------------------------------------------------------------------------------------------------------------------------------------------------------------+
; Analysis & Synthesis Source Files Read                                                                                                                             ;
+----------------------------------+-----------------+------------------------+----------------------------------------------------------------------------+---------+
; File Name with User-Entered Path ; Used in Netlist ; File Type              ; File Name with Absolute Path                                               ; Library ;
+----------------------------------+-----------------+------------------------+----------------------------------------------------------------------------+---------+
; SDRAM_IS42S16160B_DRIVER.v       ; yes             ; User Verilog HDL File  ; D:/Job/project_quartus/SDRAM_IS42S16160B_DRIVER/SDRAM_IS42S16160B_DRIVER.v ;         ;
+----------------------------------+-----------------+------------------------+----------------------------------------------------------------------------+---------+


+-------------------------------------------------------------------+
; Analysis & Synthesis Resource Usage Summary                       ;
+---------------------------------------------+---------------------+
; Resource                                    ; Usage               ;
+---------------------------------------------+---------------------+
; Estimated Total logic elements              ; 79                  ;
;                                             ;                     ;
; Total combinational functions               ; 77                  ;
; Logic element usage by number of LUT inputs ;                     ;
;     -- 4 input functions                    ; 27                  ;
;     -- 3 input functions                    ; 6                   ;
;     -- <=2 input functions                  ; 44                  ;
;                                             ;                     ;
; Logic elements by mode                      ;                     ;
;     -- normal mode                          ; 45                  ;
;     -- arithmetic mode                      ; 32                  ;
;                                             ;                     ;
; Total registers                             ; 51                  ;
;     -- Dedicated logic registers            ; 51                  ;
;     -- I/O registers                        ; 0                   ;
;                                             ;                     ;
; I/O pins                                    ; 60                  ;
;                                             ;                     ;
; Embedded Multiplier 9-bit elements          ; 0                   ;
;                                             ;                     ;
; Maximum fan-out node                        ; DRAM_CLK_SHIFT~reg0 ;
; Maximum fan-out                             ; 51                  ;
; Total fan-out                               ; 458                 ;
; Average fan-out                             ; 1.73                ;
+---------------------------------------------+---------------------+


+-----------------------------------------------------------------------------------------------------------------------------------------------------------------------------------------------------------------------------+
; Analysis & Synthesis Resource Utilization by Entity                                                                                                                                                                         ;
+----------------------------+---------------------+---------------------------+-------------+--------------+---------+-----------+------+--------------+---------------------------+--------------------------+--------------+
; Compilation Hierarchy Node ; Combinational ALUTs ; Dedicated Logic Registers ; Memory Bits ; DSP Elements ; DSP 9x9 ; DSP 18x18 ; Pins ; Virtual Pins ; Full Hierarchy Name       ; Entity Name              ; Library Name ;
+----------------------------+---------------------+---------------------------+-------------+--------------+---------+-----------+------+--------------+---------------------------+--------------------------+--------------+
; |SDRAM_IS42S16160B_DRIVER  ; 77 (77)             ; 51 (51)                   ; 0           ; 0            ; 0       ; 0         ; 60   ; 0            ; |SDRAM_IS42S16160B_DRIVER ; SDRAM_IS42S16160B_DRIVER ; work         ;
+----------------------------+---------------------+---------------------------+-------------+--------------+---------+-----------+------+--------------+---------------------------+--------------------------+--------------+
Note: For table entries with two numbers listed, the numbers in parentheses indicate the number of resources of the given type used by the specific entity alone. The numbers listed outside of parentheses indicate the total resources of the given type used by the specific entity and all of its sub-entities in the hierarchy.


Encoding Type:  One-Hot
+-------------------------------------------------------------------------------------------------------------------------------------------+
; State Machine - |SDRAM_IS42S16160B_DRIVER|state                                                                                           ;
+--------------------+-----------+-----------------+-------------+------------+---------------+--------------------+-----------+------------+
; Name               ; state.NOP ; state.PRECHARGE ; state.WRITE ; state.READ ; state.REFRESH ; state.ACTIVATE_ROW ; state.MRS ; state.IDLE ;
+--------------------+-----------+-----------------+-------------+------------+---------------+--------------------+-----------+------------+
; state.IDLE         ; 0         ; 0               ; 0           ; 0          ; 0             ; 0                  ; 0         ; 0          ;
; state.MRS          ; 0         ; 0               ; 0           ; 0          ; 0             ; 0                  ; 1         ; 1          ;
; state.ACTIVATE_ROW ; 0         ; 0               ; 0           ; 0          ; 0             ; 1                  ; 0         ; 1          ;
; state.REFRESH      ; 0         ; 0               ; 0           ; 0          ; 1             ; 0                  ; 0         ; 1          ;
; state.READ         ; 0         ; 0               ; 0           ; 1          ; 0             ; 0                  ; 0         ; 1          ;
; state.WRITE        ; 0         ; 0               ; 1           ; 0          ; 0             ; 0                  ; 0         ; 1          ;
; state.PRECHARGE    ; 0         ; 1               ; 0           ; 0          ; 0             ; 0                  ; 0         ; 1          ;
; state.NOP          ; 1         ; 0               ; 0           ; 0          ; 0             ; 0                  ; 0         ; 1          ;
+--------------------+-----------+-----------------+-------------+------------+---------------+--------------------+-----------+------------+


+---------------------------------------------------------------------------------+
; Registers Removed During Synthesis                                              ;
+----------------------------------------+----------------------------------------+
; Register name                          ; Reason for Removal                     ;
+----------------------------------------+----------------------------------------+
; DRAM_DQM[0]~reg0                       ; Stuck at GND due to stuck port data_in ;
; DRAM_DQM[1]~reg0                       ; Stuck at GND due to stuck port data_in ;
; DRAM_CKE~reg0                          ; Stuck at VCC due to stuck port data_in ;
; DRAM_ADDR[1]~reg0                      ; Merged with DRAM_BA[0]~reg0            ;
; DRAM_BA[1]~reg0                        ; Merged with DRAM_BA[0]~reg0            ;
; DRAM_ADDR[11]~reg0                     ; Merged with DRAM_BA[0]~reg0            ;
; DRAM_ADDR[0]~reg0                      ; Merged with DRAM_BA[0]~reg0            ;
; DRAM_ADDR[2]~reg0                      ; Merged with DRAM_BA[0]~reg0            ;
; DRAM_ADDR[4]~reg0                      ; Merged with DRAM_BA[0]~reg0            ;
; DRAM_ADDR[6]~reg0                      ; Merged with DRAM_BA[0]~reg0            ;
; DRAM_ADDR[7]~reg0                      ; Merged with DRAM_BA[0]~reg0            ;
; DRAM_ADDR[10]~reg0                     ; Merged with DRAM_BA[0]~reg0            ;
; DRAM_ADDR[12]~reg0                     ; Merged with DRAM_BA[0]~reg0            ;
; DRAM_ADDR[8]~reg0                      ; Merged with DRAM_BA[0]~reg0            ;
; DRAM_ADDR[5]~reg0                      ; Merged with DRAM_ADDR[3]~reg0          ;
; DRAM_BA[0]~reg0                        ; Stuck at GND due to stuck port data_in ;
; DRAM_CMD[3]~reg0                       ; Stuck at GND due to stuck port data_in ;
; state.READ                             ; Lost fanout                            ;
; state.WRITE                            ; Lost fanout                            ;
; state~4                                ; Lost fanout                            ;
; state~5                                ; Lost fanout                            ;
; state~6                                ; Lost fanout                            ;
; state~7                                ; Lost fanout                            ;
; state~8                                ; Lost fanout                            ;
; state~9                                ; Lost fanout                            ;
; state~10                               ; Lost fanout                            ;
; state~11                               ; Lost fanout                            ;
; Total Number of Removed Registers = 27 ;                                        ;
+----------------------------------------+----------------------------------------+


+------------------------------------------------------+
; General Register Statistics                          ;
+----------------------------------------------+-------+
; Statistic                                    ; Value ;
+----------------------------------------------+-------+
; Total registers                              ; 51    ;
; Number of registers using Synchronous Clear  ; 35    ;
; Number of registers using Synchronous Load   ; 0     ;
; Number of registers using Asynchronous Clear ; 6     ;
; Number of registers using Asynchronous Load  ; 0     ;
; Number of registers using Clock Enable       ; 22    ;
; Number of registers using Preset             ; 0     ;
+----------------------------------------------+-------+


+--------------------------------------------------+
; Inverted Register Statistics                     ;
+----------------------------------------+---------+
; Inverted Register                      ; Fan out ;
+----------------------------------------+---------+
; DRAM_CMD[0]~reg0                       ; 1       ;
; DRAM_CMD[1]~reg0                       ; 1       ;
; DRAM_CMD[2]~reg0                       ; 1       ;
; process_flg~reg0                       ; 2       ;
; Total number of inverted registers = 4 ;         ;
+----------------------------------------+---------+


+-------------------------------------------------------------------------------------------------------------------------------------------------------------+
; Multiplexer Restructuring Statistics (Restructuring Performed)                                                                                              ;
+--------------------+-----------+---------------+----------------------+------------------------+------------+-----------------------------------------------+
; Multiplexer Inputs ; Bus Width ; Baseline Area ; Area if Restructured ; Saving if Restructured ; Registered ; Example Multiplexer Output                    ;
+--------------------+-----------+---------------+----------------------+------------------------+------------+-----------------------------------------------+
; 3:1                ; 17 bits   ; 34 LEs        ; 17 LEs               ; 17 LEs                 ; Yes        ; |SDRAM_IS42S16160B_DRIVER|cnt_autorefresh[10] ;
; 3:1                ; 2 bits    ; 4 LEs         ; 2 LEs                ; 2 LEs                  ; Yes        ; |SDRAM_IS42S16160B_DRIVER|DRAM_ADDR[3]~reg0   ;
; 3:1                ; 5 bits    ; 10 LEs        ; 5 LEs                ; 5 LEs                  ; Yes        ; |SDRAM_IS42S16160B_DRIVER|Trc[1]              ;
; 6:1                ; 3 bits    ; 12 LEs        ; 9 LEs                ; 3 LEs                  ; Yes        ; |SDRAM_IS42S16160B_DRIVER|DRAM_CMD[0]~reg0    ;
+--------------------+-----------+---------------+----------------------+------------------------+------------+-----------------------------------------------+


+------------------------------------------------------------------------------------------+
; Parameter Settings for User Entity Instance: Top-level Entity: |SDRAM_IS42S16160B_DRIVER ;
+----------------------+--------------+----------------------------------------------------+
; Parameter Name       ; Value        ; Type                                               ;
+----------------------+--------------+----------------------------------------------------+
; time_200_us          ; 50           ; Signed Integer                                     ;
; q_AREF_for_init      ; 8            ; Signed Integer                                     ;
; MRS_DATA             ; 001000101000 ; Unsigned Binary                                    ;
; trc                  ; 10           ; Signed Integer                                     ;
; trp                  ; 3            ; Signed Integer                                     ;
; CAS_latency          ; 3            ; Signed Integer                                     ;
; tREF                 ; 64           ; Signed Integer                                     ;
; quantity_autorefresh ; 8192         ; Signed Integer                                     ;
; tCK                  ; 7            ; Signed Integer                                     ;
; REFRESH_TIME         ; 1116         ; Signed Integer                                     ;
+----------------------+--------------+----------------------------------------------------+
Note: In order to hide this table in the UI and the text report file, please set the "Show Parameter Settings in Synthesis Report" option in "Analysis and Synthesis Settings -> More Settings" to "Off".


+-----------------------------------------------------+
; Post-Synthesis Netlist Statistics for Top Partition ;
+-----------------------+-----------------------------+
; Type                  ; Count                       ;
+-----------------------+-----------------------------+
; boundary_port         ; 60                          ;
; cycloneiii_ff         ; 51                          ;
;     CLR               ; 6                           ;
;     ENA               ; 5                           ;
;     ENA SCLR          ; 17                          ;
;     SCLR              ; 18                          ;
;     plain             ; 5                           ;
; cycloneiii_io_obuf    ; 16                          ;
; cycloneiii_lcell_comb ; 83                          ;
;     arith             ; 32                          ;
;         2 data inputs ; 32                          ;
;     normal            ; 51                          ;
;         0 data inputs ; 2                           ;
;         1 data inputs ; 9                           ;
;         2 data inputs ; 7                           ;
;         3 data inputs ; 6                           ;
;         4 data inputs ; 27                          ;
;                       ;                             ;
; Max LUT depth         ; 5.00                        ;
; Average LUT depth     ; 2.31                        ;
+-----------------------+-----------------------------+


+-------------------------------+
; Elapsed Time Per Partition    ;
+----------------+--------------+
; Partition Name ; Elapsed Time ;
+----------------+--------------+
; Top            ; 00:00:00     ;
+----------------+--------------+


+-------------------------------+
; Analysis & Synthesis Messages ;
+-------------------------------+
Info: *******************************************************************
Info: Running Quartus Prime Analysis & Synthesis
    Info: Version 20.1.0 Build 711 06/05/2020 SJ Lite Edition
    Info: Processing started: Mon Aug 15 21:06:53 2022
Info: Command: quartus_map --read_settings_files=on --write_settings_files=off SDRAM_IS42S16160B_DRIVER -c SDRAM_IS42S16160B_DRIVER
Warning (18236): Number of processors has not been specified which may cause overloading on shared machines.  Set the global assignment NUM_PARALLEL_PROCESSORS in your QSF to an appropriate value for best performance.
Info (20030): Parallel compilation is enabled and will use 4 of the 4 processors detected
Info (12021): Found 1 design units, including 1 entities, in source file sdram_is42s16160b_driver.v
    Info (12023): Found entity 1: SDRAM_IS42S16160B_DRIVER File: D:/Job/project_quartus/SDRAM_IS42S16160B_DRIVER/SDRAM_IS42S16160B_DRIVER.v Line: 12
Info (12127): Elaborating entity "SDRAM_IS42S16160B_DRIVER" for the top level hierarchy
Warning (10036): Verilog HDL or VHDL warning at SDRAM_IS42S16160B_DRIVER.v(93): object "CAS" assigned a value but never read File: D:/Job/project_quartus/SDRAM_IS42S16160B_DRIVER/SDRAM_IS42S16160B_DRIVER.v Line: 93
Warning (10230): Verilog HDL assignment warning at SDRAM_IS42S16160B_DRIVER.v(105): truncated value with size 24 to match size of target (13) File: D:/Job/project_quartus/SDRAM_IS42S16160B_DRIVER/SDRAM_IS42S16160B_DRIVER.v Line: 105
Warning (10230): Verilog HDL assignment warning at SDRAM_IS42S16160B_DRIVER.v(315): truncated value with size 24 to match size of target (13) File: D:/Job/project_quartus/SDRAM_IS42S16160B_DRIVER/SDRAM_IS42S16160B_DRIVER.v Line: 315
Warning (13039): The following bidirectional pins have no drivers
    Warning (13040): bidirectional pin "DRAM_DQ[0]" has no driver File: D:/Job/project_quartus/SDRAM_IS42S16160B_DRIVER/SDRAM_IS42S16160B_DRIVER.v Line: 29
    Warning (13040): bidirectional pin "DRAM_DQ[1]" has no driver File: D:/Job/project_quartus/SDRAM_IS42S16160B_DRIVER/SDRAM_IS42S16160B_DRIVER.v Line: 29
    Warning (13040): bidirectional pin "DRAM_DQ[2]" has no driver File: D:/Job/project_quartus/SDRAM_IS42S16160B_DRIVER/SDRAM_IS42S16160B_DRIVER.v Line: 29
    Warning (13040): bidirectional pin "DRAM_DQ[3]" has no driver File: D:/Job/project_quartus/SDRAM_IS42S16160B_DRIVER/SDRAM_IS42S16160B_DRIVER.v Line: 29
    Warning (13040): bidirectional pin "DRAM_DQ[4]" has no driver File: D:/Job/project_quartus/SDRAM_IS42S16160B_DRIVER/SDRAM_IS42S16160B_DRIVER.v Line: 29
    Warning (13040): bidirectional pin "DRAM_DQ[5]" has no driver File: D:/Job/project_quartus/SDRAM_IS42S16160B_DRIVER/SDRAM_IS42S16160B_DRIVER.v Line: 29
    Warning (13040): bidirectional pin "DRAM_DQ[6]" has no driver File: D:/Job/project_quartus/SDRAM_IS42S16160B_DRIVER/SDRAM_IS42S16160B_DRIVER.v Line: 29
    Warning (13040): bidirectional pin "DRAM_DQ[7]" has no driver File: D:/Job/project_quartus/SDRAM_IS42S16160B_DRIVER/SDRAM_IS42S16160B_DRIVER.v Line: 29
    Warning (13040): bidirectional pin "DRAM_DQ[8]" has no driver File: D:/Job/project_quartus/SDRAM_IS42S16160B_DRIVER/SDRAM_IS42S16160B_DRIVER.v Line: 29
    Warning (13040): bidirectional pin "DRAM_DQ[9]" has no driver File: D:/Job/project_quartus/SDRAM_IS42S16160B_DRIVER/SDRAM_IS42S16160B_DRIVER.v Line: 29
    Warning (13040): bidirectional pin "DRAM_DQ[10]" has no driver File: D:/Job/project_quartus/SDRAM_IS42S16160B_DRIVER/SDRAM_IS42S16160B_DRIVER.v Line: 29
    Warning (13040): bidirectional pin "DRAM_DQ[11]" has no driver File: D:/Job/project_quartus/SDRAM_IS42S16160B_DRIVER/SDRAM_IS42S16160B_DRIVER.v Line: 29
    Warning (13040): bidirectional pin "DRAM_DQ[12]" has no driver File: D:/Job/project_quartus/SDRAM_IS42S16160B_DRIVER/SDRAM_IS42S16160B_DRIVER.v Line: 29
    Warning (13040): bidirectional pin "DRAM_DQ[13]" has no driver File: D:/Job/project_quartus/SDRAM_IS42S16160B_DRIVER/SDRAM_IS42S16160B_DRIVER.v Line: 29
    Warning (13040): bidirectional pin "DRAM_DQ[14]" has no driver File: D:/Job/project_quartus/SDRAM_IS42S16160B_DRIVER/SDRAM_IS42S16160B_DRIVER.v Line: 29
    Warning (13040): bidirectional pin "DRAM_DQ[15]" has no driver File: D:/Job/project_quartus/SDRAM_IS42S16160B_DRIVER/SDRAM_IS42S16160B_DRIVER.v Line: 29
Warning (13024): Output pins are stuck at VCC or GND
    Warning (13410): Pin "DRAM_ADDR[0]" is stuck at GND File: D:/Job/project_quartus/SDRAM_IS42S16160B_DRIVER/SDRAM_IS42S16160B_DRIVER.v Line: 264
    Warning (13410): Pin "DRAM_ADDR[1]" is stuck at GND File: D:/Job/project_quartus/SDRAM_IS42S16160B_DRIVER/SDRAM_IS42S16160B_DRIVER.v Line: 264
    Warning (13410): Pin "DRAM_ADDR[2]" is stuck at GND File: D:/Job/project_quartus/SDRAM_IS42S16160B_DRIVER/SDRAM_IS42S16160B_DRIVER.v Line: 264
    Warning (13410): Pin "DRAM_ADDR[4]" is stuck at GND File: D:/Job/project_quartus/SDRAM_IS42S16160B_DRIVER/SDRAM_IS42S16160B_DRIVER.v Line: 264
    Warning (13410): Pin "DRAM_ADDR[6]" is stuck at GND File: D:/Job/project_quartus/SDRAM_IS42S16160B_DRIVER/SDRAM_IS42S16160B_DRIVER.v Line: 264
    Warning (13410): Pin "DRAM_ADDR[7]" is stuck at GND File: D:/Job/project_quartus/SDRAM_IS42S16160B_DRIVER/SDRAM_IS42S16160B_DRIVER.v Line: 264
    Warning (13410): Pin "DRAM_ADDR[8]" is stuck at GND File: D:/Job/project_quartus/SDRAM_IS42S16160B_DRIVER/SDRAM_IS42S16160B_DRIVER.v Line: 264
    Warning (13410): Pin "DRAM_ADDR[10]" is stuck at GND File: D:/Job/project_quartus/SDRAM_IS42S16160B_DRIVER/SDRAM_IS42S16160B_DRIVER.v Line: 264
    Warning (13410): Pin "DRAM_ADDR[11]" is stuck at GND File: D:/Job/project_quartus/SDRAM_IS42S16160B_DRIVER/SDRAM_IS42S16160B_DRIVER.v Line: 264
    Warning (13410): Pin "DRAM_ADDR[12]" is stuck at GND File: D:/Job/project_quartus/SDRAM_IS42S16160B_DRIVER/SDRAM_IS42S16160B_DRIVER.v Line: 264
    Warning (13410): Pin "DRAM_BA[0]" is stuck at GND File: D:/Job/project_quartus/SDRAM_IS42S16160B_DRIVER/SDRAM_IS42S16160B_DRIVER.v Line: 264
    Warning (13410): Pin "DRAM_BA[1]" is stuck at GND File: D:/Job/project_quartus/SDRAM_IS42S16160B_DRIVER/SDRAM_IS42S16160B_DRIVER.v Line: 264
    Warning (13410): Pin "DRAM_CKE" is stuck at VCC File: D:/Job/project_quartus/SDRAM_IS42S16160B_DRIVER/SDRAM_IS42S16160B_DRIVER.v Line: 19
    Warning (13410): Pin "DRAM_DQM[0]" is stuck at GND File: D:/Job/project_quartus/SDRAM_IS42S16160B_DRIVER/SDRAM_IS42S16160B_DRIVER.v Line: 264
    Warning (13410): Pin "DRAM_DQM[1]" is stuck at GND File: D:/Job/project_quartus/SDRAM_IS42S16160B_DRIVER/SDRAM_IS42S16160B_DRIVER.v Line: 264
    Warning (13410): Pin "DRAM_CMD[3]" is stuck at GND File: D:/Job/project_quartus/SDRAM_IS42S16160B_DRIVER/SDRAM_IS42S16160B_DRIVER.v Line: 264
Info (286030): Timing-Driven Synthesis is running
Info (17049): 10 registers lost all their fanouts during netlist optimizations.
Info (144001): Generated suppressed messages file D:/Job/project_quartus/SDRAM_IS42S16160B_DRIVER/output_files/SDRAM_IS42S16160B_DRIVER.map.smsg
Info (16010): Generating hard_block partition "hard_block:auto_generated_inst"
    Info (16011): Adding 0 node(s), including 0 DDIO, 0 PLL, 0 transceiver and 0 LCELL
Warning (21074): Design contains 15 input pin(s) that do not drive logic
    Warning (15610): No output dependent on input pin "ADDR[0]" File: D:/Job/project_quartus/SDRAM_IS42S16160B_DRIVER/SDRAM_IS42S16160B_DRIVER.v Line: 13
    Warning (15610): No output dependent on input pin "ADDR[1]" File: D:/Job/project_quartus/SDRAM_IS42S16160B_DRIVER/SDRAM_IS42S16160B_DRIVER.v Line: 13
    Warning (15610): No output dependent on input pin "ADDR[2]" File: D:/Job/project_quartus/SDRAM_IS42S16160B_DRIVER/SDRAM_IS42S16160B_DRIVER.v Line: 13
    Warning (15610): No output dependent on input pin "ADDR[3]" File: D:/Job/project_quartus/SDRAM_IS42S16160B_DRIVER/SDRAM_IS42S16160B_DRIVER.v Line: 13
    Warning (15610): No output dependent on input pin "ADDR[4]" File: D:/Job/project_quartus/SDRAM_IS42S16160B_DRIVER/SDRAM_IS42S16160B_DRIVER.v Line: 13
    Warning (15610): No output dependent on input pin "ADDR[5]" File: D:/Job/project_quartus/SDRAM_IS42S16160B_DRIVER/SDRAM_IS42S16160B_DRIVER.v Line: 13
    Warning (15610): No output dependent on input pin "ADDR[6]" File: D:/Job/project_quartus/SDRAM_IS42S16160B_DRIVER/SDRAM_IS42S16160B_DRIVER.v Line: 13
    Warning (15610): No output dependent on input pin "ADDR[7]" File: D:/Job/project_quartus/SDRAM_IS42S16160B_DRIVER/SDRAM_IS42S16160B_DRIVER.v Line: 13
    Warning (15610): No output dependent on input pin "ADDR[8]" File: D:/Job/project_quartus/SDRAM_IS42S16160B_DRIVER/SDRAM_IS42S16160B_DRIVER.v Line: 13
    Warning (15610): No output dependent on input pin "ADDR[9]" File: D:/Job/project_quartus/SDRAM_IS42S16160B_DRIVER/SDRAM_IS42S16160B_DRIVER.v Line: 13
    Warning (15610): No output dependent on input pin "ADDR[10]" File: D:/Job/project_quartus/SDRAM_IS42S16160B_DRIVER/SDRAM_IS42S16160B_DRIVER.v Line: 13
    Warning (15610): No output dependent on input pin "ADDR[11]" File: D:/Job/project_quartus/SDRAM_IS42S16160B_DRIVER/SDRAM_IS42S16160B_DRIVER.v Line: 13
    Warning (15610): No output dependent on input pin "ADDR[12]" File: D:/Job/project_quartus/SDRAM_IS42S16160B_DRIVER/SDRAM_IS42S16160B_DRIVER.v Line: 13
    Warning (15610): No output dependent on input pin "BANK[0]" File: D:/Job/project_quartus/SDRAM_IS42S16160B_DRIVER/SDRAM_IS42S16160B_DRIVER.v Line: 14
    Warning (15610): No output dependent on input pin "BANK[1]" File: D:/Job/project_quartus/SDRAM_IS42S16160B_DRIVER/SDRAM_IS42S16160B_DRIVER.v Line: 14
Info (21057): Implemented 142 device resources after synthesis - the final resource count might be different
    Info (21058): Implemented 19 input pins
    Info (21059): Implemented 25 output pins
    Info (21060): Implemented 16 bidirectional pins
    Info (21061): Implemented 82 logic cells
Info: Quartus Prime Analysis & Synthesis was successful. 0 errors, 54 warnings
    Info: Peak virtual memory: 4760 megabytes
    Info: Processing ended: Mon Aug 15 21:06:59 2022
    Info: Elapsed time: 00:00:06
    Info: Total CPU time (on all processors): 00:00:14


+------------------------------------------+
; Analysis & Synthesis Suppressed Messages ;
+------------------------------------------+
The suppressed messages can be found in D:/Job/project_quartus/SDRAM_IS42S16160B_DRIVER/output_files/SDRAM_IS42S16160B_DRIVER.map.smsg.


